Oct-28 12:02:06.256 [main] DEBUG nextflow.cli.Launcher - $> nextflow run main.nf --input assets/test.samplesheet.tsv --outdir . -dump-channels
Oct-28 12:02:06.342 [main] INFO  nextflow.cli.CmdRun - N E X T F L O W  ~  version 22.10.0
Oct-28 12:02:06.365 [main] DEBUG nextflow.plugin.PluginsFacade - Setting up plugin manager > mode=prod; embedded=false; plugins-dir=/Users/andrades/.nextflow/plugins; core-plugins: nf-amazon@1.11.0,nf-azure@0.14.2,nf-codecommit@0.1.2,nf-console@1.0.4,nf-ga4gh@1.0.4,nf-google@1.4.4,nf-tower@1.5.5,nf-wave@0.5.2
Oct-28 12:02:06.382 [main] INFO  org.pf4j.DefaultPluginStatusProvider - Enabled plugins: []
Oct-28 12:02:06.383 [main] INFO  org.pf4j.DefaultPluginStatusProvider - Disabled plugins: []
Oct-28 12:02:06.389 [main] INFO  org.pf4j.DefaultPluginManager - PF4J version 3.4.1 in 'deployment' mode
Oct-28 12:02:06.402 [main] INFO  org.pf4j.AbstractPluginManager - No plugins
Oct-28 12:02:06.433 [main] DEBUG nextflow.config.ConfigBuilder - Found config local: /Users/andrades/Documents/git/aidaanva-genomeassembly/nextflow.config
Oct-28 12:02:06.433 [main] DEBUG nextflow.config.ConfigBuilder - Parsing config file: /Users/andrades/Documents/git/aidaanva-genomeassembly/nextflow.config
Oct-28 12:02:06.475 [main] DEBUG nextflow.config.ConfigBuilder - Applying config profile: `standard`
Oct-28 12:02:08.317 [main] DEBUG nextflow.cli.CmdRun - Applied DSL=2 from script declararion
Oct-28 12:02:08.336 [main] INFO  nextflow.cli.CmdRun - Launching `main.nf` [tiny_dijkstra] DSL2 - revision: 8cb75b4928
Oct-28 12:02:08.336 [main] DEBUG nextflow.plugin.PluginsFacade - Plugins default=[]
Oct-28 12:02:08.337 [main] DEBUG nextflow.plugin.PluginsFacade - Plugins resolved requirement=[]
Oct-28 12:02:08.349 [main] DEBUG nextflow.secret.LocalSecretsProvider - Secrets store: /Users/andrades/.nextflow/secrets/store.json
Oct-28 12:02:08.353 [main] DEBUG nextflow.secret.SecretsLoader - Discovered secrets providers: [nextflow.secret.LocalSecretsProvider@4baed682] - activable => nextflow.secret.LocalSecretsProvider@4baed682
Oct-28 12:02:08.438 [main] DEBUG nextflow.Session - Session UUID: 2b79928c-be71-4071-aa9e-bfd5ae75ecdd
Oct-28 12:02:08.438 [main] DEBUG nextflow.Session - Run name: tiny_dijkstra
Oct-28 12:02:08.439 [main] DEBUG nextflow.Session - Executor pool size: 8
Oct-28 12:02:08.459 [main] DEBUG nextflow.util.ThreadPoolBuilder - Creating thread pool 'FileTransfer' minSize=10; maxSize=24; workQueue=LinkedBlockingQueue[10000]; allowCoreThreadTimeout=false
Oct-28 12:02:08.491 [main] DEBUG nextflow.cli.CmdRun - 
  Version: 22.10.0 build 5826
  Created: 13-10-2022 05:44 UTC (07:44 CEST)
  System: Mac OS X 12.5.1
  Runtime: Groovy 3.0.13 on OpenJDK 64-Bit Server VM 17.0.3+7-LTS
  Encoding: UTF-8 (UTF-8)
  Process: 22255@damp133427.local [127.0.0.1]
  CPUs: 8 - Mem: 16 GB (188.4 MB) - Swap: 7 GB (611.5 MB)
Oct-28 12:02:08.511 [main] DEBUG nextflow.Session - Work-dir: /Users/andrades/Documents/git/aidaanva-genomeassembly/work [Mac OS X]
Oct-28 12:02:08.536 [main] DEBUG nextflow.executor.ExecutorFactory - Extension executors providers=[]
Oct-28 12:02:08.554 [main] DEBUG nextflow.Session - Observer factory: DefaultObserverFactory
Oct-28 12:02:08.632 [main] DEBUG nextflow.cache.CacheFactory - Using Nextflow cache factory: nextflow.cache.DefaultCacheFactory
Oct-28 12:02:08.648 [main] DEBUG nextflow.util.CustomThreadPool - Creating default thread pool > poolSize: 9; maxThreads: 1000
Oct-28 12:02:08.740 [main] DEBUG nextflow.Session - Session start
Oct-28 12:02:08.748 [main] DEBUG nextflow.trace.TraceFileObserver - Workflow started -- trace file: /Users/andrades/Documents/git/aidaanva-genomeassembly/pipeline_info/execution_trace_2022-10-28_12-02-08.txt
Oct-28 12:02:08.760 [main] DEBUG nextflow.Session - Using default localLib path: /Users/andrades/Documents/git/aidaanva-genomeassembly/lib
Oct-28 12:02:08.763 [main] DEBUG nextflow.Session - Adding to the classpath library: /Users/andrades/Documents/git/aidaanva-genomeassembly/lib
Oct-28 12:02:08.764 [main] DEBUG nextflow.Session - Adding to the classpath library: /Users/andrades/Documents/git/aidaanva-genomeassembly/lib/nfcore_external_java_deps.jar
Oct-28 12:02:09.738 [main] DEBUG nextflow.script.ScriptRunner - > Launching execution
Oct-28 12:02:09.927 [main] INFO  nextflow.Nextflow - 

-[2m----------------------------------------------------[0m-
[0;35m  aidaanva/genomeassembly v1.0dev[0m
-[2m----------------------------------------------------[0m-
[1mCore Nextflow options[0m
  [0;34mrunName    : [0;32mtiny_dijkstra[0m
  [0;34mlaunchDir  : [0;32m/Users/andrades/Documents/git/aidaanva-genomeassembly[0m
  [0;34mworkDir    : [0;32m/Users/andrades/Documents/git/aidaanva-genomeassembly/work[0m
  [0;34mprojectDir : [0;32m/Users/andrades/Documents/git/aidaanva-genomeassembly[0m
  [0;34muserName   : [0;32mandrades[0m
  [0;34mprofile    : [0;32mstandard[0m
  [0;34mconfigFiles: [0;32m/Users/andrades/Documents/git/aidaanva-genomeassembly/nextflow.config[0m

[1mInput/output options[0m
  [0;34minput      : [0;32massets/test.samplesheet.tsv[0m
  [0;34moutdir     : [0;32m.[0m

!! Only displaying parameters that differ from the pipeline defaults !!
-[2m----------------------------------------------------[0m-
If you use aidaanva/genomeassembly for your analysis please cite:

* The nf-core framework
  https://doi.org/10.1038/s41587-020-0439-x

* Software dependencies
  https://github.com/aidaanva/genomeassembly/blob/master/CITATIONS.md
-[2m----------------------------------------------------[0m-
Oct-28 12:02:09.929 [main] WARN  nextflow.Nextflow - [aidaanva/genomeassembly] You are attempting to run the pipeline without any custom configuration!

This will be dependent on your local compute environment but can be achieved via one or more of the following:
   (1) Using an existing pipeline profile e.g. `-profile docker` or `-profile singularity`
   (2) Using an existing nf-core/configs for your Institution e.g. `-profile crick` or `-profile uppmax`
   (3) Using your own local custom config e.g. `-c /path/to/your/custom.config`

Please refer to the quick start section and usage docs for the pipeline.
 
Oct-28 12:02:10.739 [main] DEBUG nextflow.script.ProcessConfig - Config settings `withName:SAMPLESHEET_CHECK` matches process AIDAANVA_GENOMEASSEMBLY:GENOMEASSEMBLY:INPUT_CHECK:SAMPLESHEET_CHECK
Oct-28 12:02:10.754 [main] DEBUG nextflow.executor.ExecutorFactory - << taskConfig executor: null
Oct-28 12:02:10.754 [main] DEBUG nextflow.executor.ExecutorFactory - >> processorType: 'local'
Oct-28 12:02:10.763 [main] DEBUG nextflow.executor.Executor - [warm up] executor > local
Oct-28 12:02:10.772 [main] DEBUG n.processor.LocalPollingMonitor - Creating local task monitor for executor 'local' > cpus=8; memory=16 GB; capacity=8; pollInterval=100ms; dumpInterval=5m
Oct-28 12:02:10.951 [main] DEBUG nextflow.Session - Workflow process names [dsl2]: FASTQC, SAMPLESHEET_CHECK, CUSTOM_DUMPSOFTWAREVERSIONS, MULTIQC, AIDAANVA_GENOMEASSEMBLY:GENOMEASSEMBLY:INPUT_CHECK:SAMPLESHEET_CHECK
Oct-28 12:02:10.955 [main] DEBUG nextflow.Session - Igniting dataflow network (5)
Oct-28 12:02:10.962 [main] DEBUG nextflow.processor.TaskProcessor - Starting process > AIDAANVA_GENOMEASSEMBLY:GENOMEASSEMBLY:INPUT_CHECK:SAMPLESHEET_CHECK
Oct-28 12:02:10.975 [main] DEBUG nextflow.script.ScriptRunner - > Awaiting termination 
Oct-28 12:02:10.975 [main] DEBUG nextflow.Session - Session await
Oct-28 12:02:11.160 [Task submitter] WARN  nextflow.executor.BashWrapperBuilder - Task runtime metrics are not reported when using macOS without a container engine
Oct-28 12:02:11.328 [Task submitter] DEBUG n.executor.local.LocalTaskHandler - Launch cmd line: /bin/bash -ue .command.run
Oct-28 12:02:11.332 [Task submitter] INFO  nextflow.Session - [7a/edf4d0] Submitted process > AIDAANVA_GENOMEASSEMBLY:GENOMEASSEMBLY:INPUT_CHECK:SAMPLESHEET_CHECK (test.samplesheet.tsv)
Oct-28 12:02:12.316 [Task monitor] DEBUG n.processor.TaskPollingMonitor - Task completed > TaskHandler[id: 1; name: AIDAANVA_GENOMEASSEMBLY:GENOMEASSEMBLY:INPUT_CHECK:SAMPLESHEET_CHECK (test.samplesheet.tsv); status: COMPLETED; exit: 0; error: -; workDir: /Users/andrades/Documents/git/aidaanva-genomeassembly/work/7a/edf4d00b10211c9b014e134895ec80]
Oct-28 12:02:12.340 [Actor Thread 8] ERROR nextflow.Nextflow - ERROR: Please check input samplesheet -> Read 1 FastQ file does not exist!
/path/to/file.fq.gz
Oct-28 12:02:12.355 [Task monitor] DEBUG nextflow.util.ThreadPoolBuilder - Creating thread pool 'PublishDir' minSize=10; maxSize=24; workQueue=LinkedBlockingQueue[10000]; allowCoreThreadTimeout=false
